0 info it worked if it ends with ok
1 verbose cli [ 'C:\\Program Files\\nodejs\\\\node.exe',
1 verbose cli   'C:\\Program Files\\nodejs\\node_modules\\npm\\bin\\npm-cli.js',
1 verbose cli   'install',
1 verbose cli   'nw' ]
2 info using npm@1.3.8
3 info using node@v0.10.17
4 verbose node symlink C:\Program Files\nodejs\\node.exe
5 error Error: Invalid name: "the mezzanine"
5 error     at ensureValidName (C:\Program Files\nodejs\node_modules\npm\node_modules\read-package-json\node_modules\normalize-package-data\lib\fixer.js:281:15)
5 error     at Object.module.exports.fixNameField (C:\Program Files\nodejs\node_modules\npm\node_modules\read-package-json\node_modules\normalize-package-data\lib\fixer.js:196:5)
5 error     at C:\Program Files\nodejs\node_modules\npm\node_modules\read-package-json\node_modules\normalize-package-data\lib\normalize.js:29:38
5 error     at Array.forEach (native)
5 error     at normalize (C:\Program Files\nodejs\node_modules\npm\node_modules\read-package-json\node_modules\normalize-package-data\lib\normalize.js:28:15)
5 error     at final (C:\Program Files\nodejs\node_modules\npm\node_modules\read-package-json\read-json.js:310:33)
5 error     at then (C:\Program Files\nodejs\node_modules\npm\node_modules\read-package-json\read-json.js:124:33)
5 error     at C:\Program Files\nodejs\node_modules\npm\node_modules\read-package-json\read-json.js:284:48
5 error     at fs.js:207:20
5 error     at OpenReq.Req.done (C:\Program Files\nodejs\node_modules\npm\node_modules\graceful-fs\graceful-fs.js:135:5)
6 error If you need help, you may report this log at:
6 error     <http://github.com/isaacs/npm/issues>
6 error or email it to:
6 error     <npm-@googlegroups.com>
7 error System Windows_NT 6.2.9200
8 error command "C:\\Program Files\\nodejs\\\\node.exe" "C:\\Program Files\\nodejs\\node_modules\\npm\\bin\\npm-cli.js" "install" "nw"
9 error cwd C:\Program Files (x86)\EasyPHP-DevServer-13.1VC11\data\localweb\projects\github\littlegustv.github.io\games\mezzanine
10 error node -v v0.10.17
11 error npm -v 1.3.8
12 verbose exit [ 1, true ]
